Determining if the pthread_create exist failed with the following output:
Change Dir: /home/williamtalbot/src/mission-systems/iRealSense/build/CMakeFiles/CMakeTmp

Run Build Command:"/usr/bin/make" "cmTC_25dcc/fast"
/usr/bin/make -f CMakeFiles/cmTC_25dcc.dir/build.make CMakeFiles/cmTC_25dcc.dir/build
make[1]: Entering directory '/home/williamtalbot/src/mission-systems/iRealSense/build/CMakeFiles/CMakeTmp'
Building C object CMakeFiles/cmTC_25dcc.dir/CheckSymbolExists.c.o
/usr/bin/cc    -o CMakeFiles/cmTC_25dcc.dir/CheckSymbolExists.c.o   -c /home/williamtalbot/src/mission-systems/iRealSense/build/CMakeFiles/CMakeTmp/CheckSymbolExists.c
Linking C executable cmTC_25dcc
/usr/bin/cmake -E cmake_link_script CMakeFiles/cmTC_25dcc.dir/link.txt --verbose=1
/usr/bin/cc      CMakeFiles/cmTC_25dcc.dir/CheckSymbolExists.c.o  -o cmTC_25dcc 
CMakeFiles/cmTC_25dcc.dir/CheckSymbolExists.c.o: In function `main':
CheckSymbolExists.c:(.text+0x1b): undefined reference to `pthread_create'
collect2: error: ld returned 1 exit status
CMakeFiles/cmTC_25dcc.dir/build.make:97: recipe for target 'cmTC_25dcc' failed
make[1]: *** [cmTC_25dcc] Error 1
make[1]: Leaving directory '/home/williamtalbot/src/mission-systems/iRealSense/build/CMakeFiles/CMakeTmp'
Makefile:126: recipe for target 'cmTC_25dcc/fast' failed
make: *** [cmTC_25dcc/fast] Error 2

File /home/williamtalbot/src/mission-systems/iRealSense/build/CMakeFiles/CMakeTmp/CheckSymbolExists.c:
/* */
#include <pthread.h>

int main(int argc, char** argv)
{
  (void)argv;
#ifndef pthread_create
  return ((int*)(&pthread_create))[argc];
#else
  (void)argc;
  return 0;
#endif
}

Determining if the function pthread_create exists in the pthreads failed with the following output:
Change Dir: /home/williamtalbot/src/mission-systems/iRealSense/build/CMakeFiles/CMakeTmp

Run Build Command:"/usr/bin/make" "cmTC_654ac/fast"
/usr/bin/make -f CMakeFiles/cmTC_654ac.dir/build.make CMakeFiles/cmTC_654ac.dir/build
make[1]: Entering directory '/home/williamtalbot/src/mission-systems/iRealSense/build/CMakeFiles/CMakeTmp'
Building C object CMakeFiles/cmTC_654ac.dir/CheckFunctionExists.c.o
/usr/bin/cc   -DCHECK_FUNCTION_EXISTS=pthread_create   -o CMakeFiles/cmTC_654ac.dir/CheckFunctionExists.c.o   -c /usr/share/cmake-3.10/Modules/CheckFunctionExists.c
Linking C executable cmTC_654ac
/usr/bin/cmake -E cmake_link_script CMakeFiles/cmTC_654ac.dir/link.txt --verbose=1
/usr/bin/cc  -DCHECK_FUNCTION_EXISTS=pthread_create    CMakeFiles/cmTC_654ac.dir/CheckFunctionExists.c.o  -o cmTC_654ac -lpthreads 
/usr/bin/ld: cannot find -lpthreads
collect2: error: ld returned 1 exit status
CMakeFiles/cmTC_654ac.dir/build.make:97: recipe for target 'cmTC_654ac' failed
make[1]: *** [cmTC_654ac] Error 1
make[1]: Leaving directory '/home/williamtalbot/src/mission-systems/iRealSense/build/CMakeFiles/CMakeTmp'
Makefile:126: recipe for target 'cmTC_654ac/fast' failed
make: *** [cmTC_654ac/fast] Error 2


